This is pdfTeX, Version 3.141592653-2.6-1.40.22 (MiKTeX 21.3) (preloaded format=pdflatex 2021.3.24)  29 MAR 2021 01:27
entering extended mode
**"c:/Users/lukin/Documents/GitHub/Courses-HWs/Sistemas de Comunicacoes Digitais/relatorio/main.tex"
(c:/Users/lukin/Documents/GitHub/Courses-HWs/Sistemas de Comunicacoes Digitais/relatorio/main.tex
LaTeX2e <2020-10-01> patch level 4
L3 programming layer <2021-02-18> (C:\Users\lukin\AppData\Local\Programs\MiKTeX 2.9\tex/latex/base\article.cls
Document Class: article 2020/04/10 v1.4m Standard LaTeX document class
(C:\Users\lukin\AppData\Local\Programs\MiKTeX 2.9\tex/latex/base\size12.clo
File: size12.clo 2020/04/10 v1.4m Standard LaTeX file (size option)
)
\c@part=\count179
\c@section=\count180
\c@subsection=\count181
\c@subsubsection=\count182
\c@paragraph=\count183
\c@subparagraph=\count184
\c@figure=\count185
\c@table=\count186
\abovecaptionskip=\skip47
\belowcaptionskip=\skip48
\bibindent=\dimen138
) (c:/Users\lukin\Documents\GitHub\Courses-HWs\Sistemas de Comunicacoes Digitais\relatorio\adj/packages.tex (C:\Users\lukin\AppData\Local\Programs\MiKTeX 2.9\tex/latex/base\inputenc.sty
Package: inputenc 2020/08/01 v1.3d Input encoding file
\inpenc@prehook=\toks15
\inpenc@posthook=\toks16
) (C:\Users\lukin\AppData\Local\Programs\MiKTeX 2.9\tex/generic/babel\babel.sty
Package: babel 2021/03/03 3.55 The Babel package
 (C:\Users\lukin\AppData\Local\Programs\MiKTeX 2.9\tex/generic/babel\babel.def
File: babel.def 2021/03/03 3.55 Babel common definitions
\babel@savecnt=\count187
\U@D=\dimen139
\l@babelnohyphens=\language12
 (C:\Users\lukin\AppData\Local\Programs\MiKTeX 2.9\tex/generic/babel\txtbabel.def)
\bbl@readstream=\read2
)
\bbl@dirlevel=\count188

*************************************
* Local config file bblopts.cfg used
*
(C:\Users\lukin\AppData\Local\Programs\MiKTeX 2.9\tex/latex/arabi\bblopts.cfg
File: bblopts.cfg 2005/09/08 v0.1 add Arabic and Farsi to "declared" options of babel
) (C:\Users\lukin\AppData\Local\Programs\MiKTeX 2.9\tex/latex/babel-portuges\brazilian.ldf
Language: portuges 2021/02/04 v1.2s Portuguese support from the babel system
Package babel Info: \l@brazilian = using hyphenrules for portuguese
(babel)             (\language7) on input line 111.
Package babel Info: Making " an active character on input line 143.
)) (C:\Users\lukin\AppData\Local\Programs\MiKTeX 2.9\tex/latex/graphics\graphicx.sty
Package: graphicx 2020/09/09 v1.2b Enhanced LaTeX Graphics (DPC,SPQR)
 (C:\Users\lukin\AppData\Local\Programs\MiKTeX 2.9\tex/latex/graphics\keyval.sty
Package: keyval 2014/10/28 v1.15 key=value parser (DPC)
\KV@toks@=\toks17
) (C:\Users\lukin\AppData\Local\Programs\MiKTeX 2.9\tex/latex/graphics\graphics.sty
Package: graphics 2020/08/30 v1.4c Standard LaTeX Graphics (DPC,SPQR)
 (C:\Users\lukin\AppData\Local\Programs\MiKTeX 2.9\tex/latex/graphics\trig.sty
Package: trig 2016/01/03 v1.10 sin cos tan (DPC)
) (C:\Users\lukin\AppData\Local\Programs\MiKTeX 2.9\tex/latex/graphics-cfg\graphics.cfg
File: graphics.cfg 2016/06/04 v1.11 sample graphics configuration
)
Package graphics Info: Driver file: pdftex.def on input line 105.
 (C:\Users\lukin\AppData\Local\Programs\MiKTeX 2.9\tex/latex/graphics-def\pdftex.def
File: pdftex.def 2020/10/05 v1.2a Graphics/color driver for pdftex
))
\Gin@req@height=\dimen140
\Gin@req@width=\dimen141
) (C:\Users\lukin\AppData\Local\Programs\MiKTeX 2.9\tex/latex/amsfonts\amssymb.sty
Package: amssymb 2013/01/14 v3.01 AMS font symbols
 (C:\Users\lukin\AppData\Local\Programs\MiKTeX 2.9\tex/latex/amsfonts\amsfonts.sty
Package: amsfonts 2013/01/14 v3.01 Basic AMSFonts support
\@emptytoks=\toks18
\symAMSa=\mathgroup4
\symAMSb=\mathgroup5
LaTeX Font Info:    Redeclaring math symbol \hbar on input line 98.
LaTeX Font Info:    Overwriting math alphabet `\mathfrak' in version `bold'
(Font)                  U/euf/m/n --> U/euf/b/n on input line 106.
)) (C:\Users\lukin\AppData\Local\Programs\MiKTeX 2.9\tex/latex/jknappen\mathrsfs.sty
Package: mathrsfs 1996/01/01 Math RSFS package v1.0 (jk)
\symrsfs=\mathgroup6
) (C:\Users\lukin\AppData\Local\Programs\MiKTeX 2.9\tex/latex/amsmath\amsmath.sty
Package: amsmath 2020/09/23 v2.17i AMS math features
\@mathmargin=\skip49

For additional information on amsmath, use the `?' option.
(C:\Users\lukin\AppData\Local\Programs\MiKTeX 2.9\tex/latex/amsmath\amstext.sty
Package: amstext 2000/06/29 v2.01 AMS text
 (C:\Users\lukin\AppData\Local\Programs\MiKTeX 2.9\tex/latex/amsmath\amsgen.sty
File: amsgen.sty 1999/11/30 v2.0 generic functions
\@emptytoks=\toks19
\ex@=\dimen142
)) (C:\Users\lukin\AppData\Local\Programs\MiKTeX 2.9\tex/latex/amsmath\amsbsy.sty
Package: amsbsy 1999/11/29 v1.2d Bold Symbols
\pmbraise@=\dimen143
) (C:\Users\lukin\AppData\Local\Programs\MiKTeX 2.9\tex/latex/amsmath\amsopn.sty
Package: amsopn 2016/03/08 v2.02 operator names
)
\inf@bad=\count189
LaTeX Info: Redefining \frac on input line 234.
\uproot@=\count190
\leftroot@=\count191
LaTeX Info: Redefining \overline on input line 399.
\classnum@=\count192
\DOTSCASE@=\count193
LaTeX Info: Redefining \ldots on input line 496.
LaTeX Info: Redefining \dots on input line 499.
LaTeX Info: Redefining \cdots on input line 620.
\Mathstrutbox@=\box47
\strutbox@=\box48
\big@size=\dimen144
LaTeX Font Info:    Redeclaring font encoding OML on input line 743.
LaTeX Font Info:    Redeclaring font encoding OMS on input line 744.
\macc@depth=\count194
\c@MaxMatrixCols=\count195
\dotsspace@=\muskip16
\c@parentequation=\count196
\dspbrk@lvl=\count197
\tag@help=\toks20
\row@=\count198
\column@=\count199
\maxfields@=\count266
\andhelp@=\toks21
\eqnshift@=\dimen145
\alignsep@=\dimen146
\tagshift@=\dimen147
\tagwidth@=\dimen148
\totwidth@=\dimen149
\lineht@=\dimen150
\@envbody=\toks22
\multlinegap=\skip50
\multlinetaggap=\skip51
\mathdisplay@stack=\toks23
LaTeX Info: Redefining \[ on input line 2923.
LaTeX Info: Redefining \] on input line 2924.
) (C:\Users\lukin\AppData\Local\Programs\MiKTeX 2.9\tex/latex/esint\esint.sty
Package: esint 
\symlargesymbolsA=\mathgroup7
) (C:\Users\lukin\AppData\Local\Programs\MiKTeX 2.9\tex/latex/relsize\relsize.sty
Package: relsize 2013/03/29 ver 4.1
) (C:\Users\lukin\AppData\Local\Programs\MiKTeX 2.9\tex/latex/latex-tools\bm.sty
Package: bm 2019/07/24 v1.2d Bold Symbol Support (DPC/FMi)
\symboldoperators=\mathgroup8
\symboldletters=\mathgroup9
\symboldsymbols=\mathgroup10
LaTeX Font Info:    Redeclaring math alphabet \mathbf on input line 141.
LaTeX Info: Redefining \bm on input line 209.
) (C:\Users\lukin\AppData\Local\Programs\MiKTeX 2.9\tex/latex/hyperref\hyperref.sty
Package: hyperref 2021-02-27 v7.00k Hypertext links for LaTeX
 (C:\Users\lukin\AppData\Local\Programs\MiKTeX 2.9\tex/generic/ltxcmds\ltxcmds.sty
Package: ltxcmds 2020-05-10 v1.25 LaTeX kernel commands for general use (HO)
) (C:\Users\lukin\AppData\Local\Programs\MiKTeX 2.9\tex/generic/iftex\iftex.sty
Package: iftex 2020/03/06 v1.0d TeX engine tests
) (C:\Users\lukin\AppData\Local\Programs\MiKTeX 2.9\tex/generic/pdftexcmds\pdftexcmds.sty
Package: pdftexcmds 2020-06-27 v0.33 Utility functions of pdfTeX for LuaTeX (HO)
 (C:\Users\lukin\AppData\Local\Programs\MiKTeX 2.9\tex/generic/infwarerr\infwarerr.sty
Package: infwarerr 2019/12/03 v1.5 Providing info/warning/error messages (HO)
)
Package pdftexcmds Info: \pdf@primitive is available.
Package pdftexcmds Info: \pdf@ifprimitive is available.
Package pdftexcmds Info: \pdfdraftmode found.
) (C:\Users\lukin\AppData\Local\Programs\MiKTeX 2.9\tex/generic/kvsetkeys\kvsetkeys.sty
Package: kvsetkeys 2019/12/15 v1.18 Key value parser (HO)
) (C:\Users\lukin\AppData\Local\Programs\MiKTeX 2.9\tex/generic/kvdefinekeys\kvdefinekeys.sty
Package: kvdefinekeys 2019-12-19 v1.6 Define keys (HO)
) (C:\Users\lukin\AppData\Local\Programs\MiKTeX 2.9\tex/generic/pdfescape\pdfescape.sty
Package: pdfescape 2019/12/09 v1.15 Implements pdfTeX's escape features (HO)
) (C:\Users\lukin\AppData\Local\Programs\MiKTeX 2.9\tex/latex/hycolor\hycolor.sty
Package: hycolor 2020-01-27 v1.10 Color options for hyperref/bookmark (HO)
) (C:\Users\lukin\AppData\Local\Programs\MiKTeX 2.9\tex/latex/letltxmacro\letltxmacro.sty
Package: letltxmacro 2019/12/03 v1.6 Let assignment for LaTeX macros (HO)
) (C:\Users\lukin\AppData\Local\Programs\MiKTeX 2.9\tex/latex/auxhook\auxhook.sty
Package: auxhook 2019-12-17 v1.6 Hooks for auxiliary files (HO)
) (C:\Users\lukin\AppData\Local\Programs\MiKTeX 2.9\tex/latex/kvoptions\kvoptions.sty
Package: kvoptions 2020-10-07 v3.14 Key value format for package options (HO)
)
\@linkdim=\dimen151
\Hy@linkcounter=\count267
\Hy@pagecounter=\count268
 (C:\Users\lukin\AppData\Local\Programs\MiKTeX 2.9\tex/latex/hyperref\pd1enc.def
File: pd1enc.def 2021-02-27 v7.00k Hyperref: PDFDocEncoding definition (HO)
Now handling font encoding PD1 ...
... no UTF-8 mapping file for font encoding PD1
) (C:\Users\lukin\AppData\Local\Programs\MiKTeX 2.9\tex/latex/hyperref\hyperref-langpatches.def
File: hyperref-langpatches.def 2021-02-27 v7.00k Hyperref: patches for babel languages
) (C:\Users\lukin\AppData\Local\Programs\MiKTeX 2.9\tex/generic/intcalc\intcalc.sty
Package: intcalc 2019/12/15 v1.3 Expandable calculations with integers (HO)
) (C:\Users\lukin\AppData\Local\Programs\MiKTeX 2.9\tex/generic/etexcmds\etexcmds.sty
Package: etexcmds 2019/12/15 v1.7 Avoid name clashes with e-TeX commands (HO)
)
\Hy@SavedSpaceFactor=\count269
 (C:\Users\lukin\AppData\Local\Programs\MiKTeX 2.9\tex/latex/hyperref\puenc.def
File: puenc.def 2021-02-27 v7.00k Hyperref: PDF Unicode definition (HO)
Now handling font encoding PU ...
... no UTF-8 mapping file for font encoding PU
)
Package hyperref Info: Hyper figures OFF on input line 4192.
Package hyperref Info: Link nesting OFF on input line 4197.
Package hyperref Info: Hyper index ON on input line 4200.
Package hyperref Info: Plain pages OFF on input line 4207.
Package hyperref Info: Backreferencing OFF on input line 4212.
Package hyperref Info: Implicit mode ON; LaTeX internals redefined.
Package hyperref Info: Bookmarks ON on input line 4445.
\c@Hy@tempcnt=\count270
 (C:\Users\lukin\AppData\Local\Programs\MiKTeX 2.9\tex/latex/url\url.sty
\Urlmuskip=\muskip17
Package: url 2013/09/16  ver 3.4  Verb mode for urls, etc.
)
LaTeX Info: Redefining \url on input line 4804.
\XeTeXLinkMargin=\dimen152
 (C:\Users\lukin\AppData\Local\Programs\MiKTeX 2.9\tex/generic/bitset\bitset.sty
Package: bitset 2019/12/09 v1.3 Handle bit-vector datatype (HO)
 (C:\Users\lukin\AppData\Local\Programs\MiKTeX 2.9\tex/generic/bigintcalc\bigintcalc.sty
Package: bigintcalc 2019/12/15 v1.5 Expandable calculations on big integers (HO)
))
\Fld@menulength=\count271
\Field@Width=\dimen153
\Fld@charsize=\dimen154
Package hyperref Info: Hyper figures OFF on input line 6075.
Package hyperref Info: Link nesting OFF on input line 6080.
Package hyperref Info: Hyper index ON on input line 6083.
Package hyperref Info: backreferencing OFF on input line 6090.
Package hyperref Info: Link coloring OFF on input line 6095.
Package hyperref Info: Link coloring with OCG OFF on input line 6100.
Package hyperref Info: PDF/A mode OFF on input line 6105.
LaTeX Info: Redefining \ref on input line 6145.
LaTeX Info: Redefining \pageref on input line 6149.
 (C:\Users\lukin\AppData\Local\Programs\MiKTeX 2.9\tex/latex/base\atbegshi-ltx.sty
Package: atbegshi-ltx 2020/08/17 v1.0a Emulation of the original atbegshi package
with kernel methods
)
\Hy@abspage=\count272
\c@Item=\count273
\c@Hfootnote=\count274
)
Package hyperref Info: Driver (autodetected): hpdftex.
 (C:\Users\lukin\AppData\Local\Programs\MiKTeX 2.9\tex/latex/hyperref\hpdftex.def
File: hpdftex.def 2021-02-27 v7.00k Hyperref driver for pdfTeX
 (C:\Users\lukin\AppData\Local\Programs\MiKTeX 2.9\tex/latex/base\atveryend-ltx.sty
Package: atveryend-ltx 2020/08/19 v1.0a Emulation of the original atvery package
with kernel methods
)
\Fld@listcount=\count275
\c@bookmark@seq@number=\count276
 (C:\Users\lukin\AppData\Local\Programs\MiKTeX 2.9\tex/latex/rerunfilecheck\rerunfilecheck.sty
Package: rerunfilecheck 2019/12/05 v1.9 Rerun checks for auxiliary files (HO)
 (C:\Users\lukin\AppData\Local\Programs\MiKTeX 2.9\tex/generic/uniquecounter\uniquecounter.sty
Package: uniquecounter 2019/12/15 v1.4 Provide unlimited unique counter (HO)
)
Package uniquecounter Info: New unique counter `rerunfilecheck' on input line 286.
)
\Hy@SectionHShift=\skip52
) (C:\Users\lukin\AppData\Local\Programs\MiKTeX 2.9\tex/latex/caption\caption.sty
Package: caption 2020/10/26 v3.5g Customizing captions (AR)
 (C:\Users\lukin\AppData\Local\Programs\MiKTeX 2.9\tex/latex/caption\caption3.sty
Package: caption3 2020/10/21 v2.2e caption3 kernel (AR)
\captionmargin=\dimen155
\captionmargin@=\dimen156
\captionwidth=\dimen157
\caption@tempdima=\dimen158
\caption@indent=\dimen159
\caption@parindent=\dimen160
\caption@hangindent=\dimen161
Package caption Info: Standard document class detected.
)
\c@caption@flags=\count277
\c@continuedfloat=\count278
Package caption Info: hyperref package is loaded.
) (C:\Users\lukin\AppData\Local\Programs\MiKTeX 2.9\tex/latex/latex-tools\indentfirst.sty
Package: indentfirst 1995/11/23 v1.03 Indent first paragraph (DPC)
) (C:\Users\lukin\AppData\Local\Programs\MiKTeX 2.9\tex/latex/xcolor\xcolor.sty
Package: xcolor 2016/05/11 v2.12 LaTeX color extensions (UK)
 (C:\Users\lukin\AppData\Local\Programs\MiKTeX 2.9\tex/latex/graphics-cfg\color.cfg
File: color.cfg 2016/01/02 v1.6 sample color configuration
)
Package xcolor Info: Driver file: pdftex.def on input line 225.
Package xcolor Info: Model `cmy' substituted by `cmy0' on input line 1348.
Package xcolor Info: Model `hsb' substituted by `rgb' on input line 1352.
Package xcolor Info: Model `RGB' extended on input line 1364.
Package xcolor Info: Model `HTML' substituted by `rgb' on input line 1366.
Package xcolor Info: Model `Hsb' substituted by `hsb' on input line 1367.
Package xcolor Info: Model `tHsb' substituted by `hsb' on input line 1368.
Package xcolor Info: Model `HSB' substituted by `hsb' on input line 1369.
Package xcolor Info: Model `Gray' substituted by `gray' on input line 1370.
Package xcolor Info: Model `wave' substituted by `hsb' on input line 1371.
) (C:\Users\lukin\AppData\Local\Programs\MiKTeX 2.9\tex/latex/csquotes\csquotes.sty
Package: csquotes 2021-02-22 v5.2l context-sensitive quotations (JAW)
 (C:\Users\lukin\AppData\Local\Programs\MiKTeX 2.9\tex/latex/etoolbox\etoolbox.sty
Package: etoolbox 2020/10/05 v2.5k e-TeX tools for LaTeX (JAW)
\etb@tempcnta=\count279
)
\csq@reset=\count280
\csq@gtype=\count281
\csq@glevel=\count282
\csq@qlevel=\count283
\csq@maxlvl=\count284
\csq@tshold=\count285
\csq@ltx@everypar=\toks24
 (C:\Users\lukin\AppData\Local\Programs\MiKTeX 2.9\tex/latex/csquotes\csquotes.def
File: csquotes.def 2021-02-22 v5.2l csquotes generic definitions (JAW)
)
Package csquotes Info: Trying to load configuration file 'csquotes.cfg'...
Package csquotes Info: ... configuration file loaded successfully.
 (C:\Users\lukin\AppData\Local\Programs\MiKTeX 2.9\tex/latex/csquotes\csquotes.cfg
File: csquotes.cfg 
)) (C:\Users\lukin\AppData\Local\Programs\MiKTeX 2.9\tex/latex/biblatex\biblatex.sty
Package: biblatex 2020/12/31 v3.16 programmable bibliographies (PK/MW)
 (C:\Users\lukin\AppData\Local\Programs\MiKTeX 2.9\tex/latex/logreq\logreq.sty
Package: logreq 2010/08/04 v1.0 xml request logger
\lrq@indent=\count286
 (C:\Users\lukin\AppData\Local\Programs\MiKTeX 2.9\tex/latex/logreq\logreq.def
File: logreq.def 2010/08/04 v1.0 logreq spec v1.0
)) (C:\Users\lukin\AppData\Local\Programs\MiKTeX 2.9\tex/latex/base\ifthen.sty
Package: ifthen 2014/09/29 v1.1c Standard LaTeX ifthen package (DPC)
)
\c@tabx@nest=\count287
\c@listtotal=\count288
\c@listcount=\count289
\c@liststart=\count290
\c@liststop=\count291
\c@citecount=\count292
\c@citetotal=\count293
\c@multicitecount=\count294
\c@multicitetotal=\count295
\c@instcount=\count296
\c@maxnames=\count297
\c@minnames=\count298
\c@maxitems=\count299
\c@minitems=\count300
\c@citecounter=\count301
\c@maxcitecounter=\count302
\c@savedcitecounter=\count303
\c@uniquelist=\count304
\c@uniquename=\count305
\c@refsection=\count306
\c@refsegment=\count307
\c@maxextratitle=\count308
\c@maxextratitleyear=\count309
\c@maxextraname=\count310
\c@maxextradate=\count311
\c@maxextraalpha=\count312
\c@abbrvpenalty=\count313
\c@highnamepenalty=\count314
\c@lownamepenalty=\count315
\c@maxparens=\count316
\c@parenlevel=\count317
\blx@tempcnta=\count318
\blx@tempcntb=\count319
\blx@tempcntc=\count320
\blx@maxsection=\count321
\blx@maxsegment@0=\count322
\blx@notetype=\count323
\blx@parenlevel@text=\count324
\blx@parenlevel@foot=\count325
\blx@sectionciteorder@0=\count326
\blx@entrysetcounter=\count327
\blx@biblioinstance=\count328
\labelnumberwidth=\skip53
\labelalphawidth=\skip54
\biblabelsep=\skip55
\bibitemsep=\skip56
\bibnamesep=\skip57
\bibinitsep=\skip58
\bibparsep=\skip59
\bibhang=\skip60
\blx@bcfin=\read3
\blx@bcfout=\write3
\blx@langwohyphens=\language13
\c@mincomprange=\count329
\c@maxcomprange=\count330
\c@mincompwidth=\count331
Package biblatex Info: Trying to load biblatex default data model...
Package biblatex Info: ... file 'blx-dm.def' found.
 (C:\Users\lukin\AppData\Local\Programs\MiKTeX 2.9\tex/latex/biblatex\blx-dm.def
File: blx-dm.def 2020/12/31 v3.16 biblatex localization (PK/MW)
)
Package biblatex Info: Trying to load biblatex style data model...
Package biblatex Info: ... file 'ieee.dbx' not found.
Package biblatex Info: Trying to load biblatex custom data model...
Package biblatex Info: ... file 'biblatex-dm.cfg' not found.
\c@afterword=\count332
\c@savedafterword=\count333
\c@annotator=\count334
\c@savedannotator=\count335
\c@author=\count336
\c@savedauthor=\count337
\c@bookauthor=\count338
\c@savedbookauthor=\count339
\c@commentator=\count340
\c@savedcommentator=\count341
\c@editor=\count342
\c@savededitor=\count343
\c@editora=\count344
\c@savededitora=\count345
\c@editorb=\count346
\c@savededitorb=\count347
\c@editorc=\count348
\c@savededitorc=\count349
\c@foreword=\count350
\c@savedforeword=\count351
\c@holder=\count352
\c@savedholder=\count353
\c@introduction=\count354
\c@savedintroduction=\count355
\c@namea=\count356
\c@savednamea=\count357
\c@nameb=\count358
\c@savednameb=\count359
\c@namec=\count360
\c@savednamec=\count361
\c@translator=\count362
\c@savedtranslator=\count363
\c@shortauthor=\count364
\c@savedshortauthor=\count365
\c@shorteditor=\count366
\c@savedshorteditor=\count367
\c@labelname=\count368
\c@savedlabelname=\count369
\c@institution=\count370
\c@savedinstitution=\count371
\c@lista=\count372
\c@savedlista=\count373
\c@listb=\count374
\c@savedlistb=\count375
\c@listc=\count376
\c@savedlistc=\count377
\c@listd=\count378
\c@savedlistd=\count379
\c@liste=\count380
\c@savedliste=\count381
\c@listf=\count382
\c@savedlistf=\count383
\c@location=\count384
\c@savedlocation=\count385
\c@organization=\count386
\c@savedorganization=\count387
\c@origlocation=\count388
\c@savedoriglocation=\count389
\c@origpublisher=\count390
\c@savedorigpublisher=\count391
\c@publisher=\count392
\c@savedpublisher=\count393
\c@language=\count394
\c@savedlanguage=\count395
\c@origlanguage=\count396
\c@savedoriglanguage=\count397
\c@pageref=\count398
\c@savedpageref=\count399
\shorthandwidth=\skip61
\shortjournalwidth=\skip62
\shortserieswidth=\skip63
\shorttitlewidth=\skip64
\shortauthorwidth=\skip65
\shorteditorwidth=\skip66
\locallabelnumberwidth=\skip67
\locallabelalphawidth=\skip68
\localshorthandwidth=\skip69
\localshortjournalwidth=\skip70
\localshortserieswidth=\skip71
\localshorttitlewidth=\skip72
\localshortauthorwidth=\skip73
\localshorteditorwidth=\skip74
Package biblatex Info: Trying to load compatibility code...
Package biblatex Info: ... file 'blx-compat.def' found.
 (C:\Users\lukin\AppData\Local\Programs\MiKTeX 2.9\tex/latex/biblatex\blx-compat.def
File: blx-compat.def 2020/12/31 v3.16 biblatex compatibility (PK/MW)
)
Package biblatex Info: Trying to load generic definitions...
Package biblatex Info: ... file 'biblatex.def' found.
 (C:\Users\lukin\AppData\Local\Programs\MiKTeX 2.9\tex/latex/biblatex\biblatex.def
File: biblatex.def 2020/12/31 v3.16 biblatex compatibility (PK/MW)
\c@textcitecount=\count400
\c@textcitetotal=\count401
\c@textcitemaxnames=\count402
\c@biburlbigbreakpenalty=\count403
\c@biburlbreakpenalty=\count404
\c@biburlnumpenalty=\count405
\c@biburlucpenalty=\count406
\c@biburllcpenalty=\count407
\biburlbigskip=\muskip18
\biburlnumskip=\muskip19
\biburlucskip=\muskip20
\biburllcskip=\muskip21
\c@smartand=\count408
)
Package biblatex Info: Trying to load bibliography style 'ieee'...
Package biblatex Info: ... file 'ieee.bbx' found.
 (C:\Users\lukin\AppData\Local\Programs\MiKTeX 2.9\tex/latex/biblatex-ieee\ieee.bbx
File: ieee.bbx 2020/12/29 v1.3d biblatex bibliography style
Package biblatex Info: Trying to load bibliography style 'numeric-comp'...
Package biblatex Info: ... file 'numeric-comp.bbx' found.
 (C:\Users\lukin\AppData\Local\Programs\MiKTeX 2.9\tex/latex/biblatex/bbx\numeric-comp.bbx
File: numeric-comp.bbx 2020/12/31 v3.16 biblatex bibliography style (PK/MW)
Package biblatex Info: Trying to load bibliography style 'numeric'...
Package biblatex Info: ... file 'numeric.bbx' found.
 (C:\Users\lukin\AppData\Local\Programs\MiKTeX 2.9\tex/latex/biblatex/bbx\numeric.bbx
File: numeric.bbx 2020/12/31 v3.16 biblatex bibliography style (PK/MW)
Package biblatex Info: Trying to load bibliography style 'standard'...
Package biblatex Info: ... file 'standard.bbx' found.
 (C:\Users\lukin\AppData\Local\Programs\MiKTeX 2.9\tex/latex/biblatex/bbx\standard.bbx
File: standard.bbx 2020/12/31 v3.16 biblatex bibliography style (PK/MW)
\c@bbx:relatedcount=\count409
\c@bbx:relatedtotal=\count410
))))
Package biblatex Info: Trying to load citation style 'ieee'...
Package biblatex Info: ... file 'ieee.cbx' found.
 (C:\Users\lukin\AppData\Local\Programs\MiKTeX 2.9\tex/latex/biblatex-ieee\ieee.cbx
File: ieee.cbx 2020/12/29 v1.3d biblatex citation style
Package biblatex Info: Trying to load citation style 'numeric-comp'...
Package biblatex Info: ... file 'numeric-comp.cbx' found.
 (C:\Users\lukin\AppData\Local\Programs\MiKTeX 2.9\tex/latex/biblatex/cbx\numeric-comp.cbx
File: numeric-comp.cbx 2020/12/31 v3.16 biblatex citation style (PK/MW)
\c@cbx@tempcnta=\count411
\c@cbx@tempcntb=\count412
\c@cbx@tempcntc=\count413
\c@cbx@tempcntd=\count414
Package biblatex Info: Redefining '\cite'.
Package biblatex Info: Redefining '\parencite'.
Package biblatex Info: Redefining '\footcite'.
Package biblatex Info: Redefining '\footcitetext'.
Package biblatex Info: Redefining '\smartcite'.
Package biblatex Info: Redefining '\supercite'.
Package biblatex Info: Redefining '\textcite'.
Package biblatex Info: Redefining '\textcites'.
Package biblatex Info: Redefining '\cites'.
Package biblatex Info: Redefining '\parencites'.
Package biblatex Info: Redefining '\smartcites'.
)
Package biblatex Info: Redefining '\cite'.
Package biblatex Info: Redefining '\cites'.
)
Package biblatex Info: Trying to load configuration file...
Package biblatex Info: ... file 'biblatex.cfg' found.
 (C:\Users\lukin\AppData\Local\Programs\MiKTeX 2.9\tex/latex/biblatex\biblatex.cfg
File: biblatex.cfg 
)))
Package csquotes Info: Checking for multilingual support...
Package csquotes Info: ... found 'babel' package.
Package csquotes Info: Adjusting default style.
Package csquotes Info: Redefining alias 'default' -> 'brazilian'.
 (C:\Users\lukin\AppData\Local\Programs\MiKTeX 2.9\tex/latex/l3backend\l3backend-pdftex.def
File: l3backend-pdftex.def 2021-03-02 L3 backend support: PDF output (pdfTeX)
\l__color_backend_stack_int=\count415
\l__pdf_internal_box=\box49
) (c:/Users\lukin\Documents\GitHub\Courses-HWs\Sistemas de Comunicacoes Digitais\relatorio\main.aux)
\openout1 = `main.aux'.

LaTeX Font Info:    Checking defaults for OML/cmm/m/it on input line 7.
LaTeX Font Info:    ... okay on input line 7.
LaTeX Font Info:    Checking defaults for OMS/cmsy/m/n on input line 7.
LaTeX Font Info:    ... okay on input line 7.
LaTeX Font Info:    Checking defaults for OT1/cmr/m/n on input line 7.
LaTeX Font Info:    ... okay on input line 7.
LaTeX Font Info:    Checking defaults for T1/cmr/m/n on input line 7.
LaTeX Font Info:    ... okay on input line 7.
LaTeX Font Info:    Checking defaults for TS1/cmr/m/n on input line 7.
LaTeX Font Info:    ... okay on input line 7.
LaTeX Font Info:    Checking defaults for OMX/cmex/m/n on input line 7.
LaTeX Font Info:    ... okay on input line 7.
LaTeX Font Info:    Checking defaults for U/cmr/m/n on input line 7.
LaTeX Font Info:    ... okay on input line 7.
LaTeX Font Info:    Checking defaults for PD1/pdf/m/n on input line 7.
LaTeX Font Info:    ... okay on input line 7.
LaTeX Font Info:    Checking defaults for PU/pdf/m/n on input line 7.
LaTeX Font Info:    ... okay on input line 7.
 (C:\Users\lukin\AppData\Local\Programs\MiKTeX 2.9\tex/context/base/mkii\supp-pdf.mkii
[Loading MPS to PDF converter (version 2006.09.02).]
\scratchcounter=\count416
\scratchdimen=\dimen162
\scratchbox=\box50
\nofMPsegments=\count417
\nofMParguments=\count418
\everyMPshowfont=\toks25
\MPscratchCnt=\count419
\MPscratchDim=\dimen163
\MPnumerator=\count420
\makeMPintoPDFobject=\count421
\everyMPtoPDFconversion=\toks26
) (C:\Users\lukin\AppData\Local\Programs\MiKTeX 2.9\tex/latex/epstopdf-pkg\epstopdf-base.sty
Package: epstopdf-base 2020-01-24 v2.11 Base part for package epstopdf
 (C:\Users\lukin\AppData\Local\Programs\MiKTeX 2.9\tex/latex/grfext\grfext.sty
Package: grfext 2019/12/03 v1.3 Manage graphics extensions (HO)
)
Package epstopdf-base Info: Redefining graphics rule for `.eps' on input line 485.
Package grfext Info: Graphics extension search list:
(grfext)             [.pdf,.png,.jpg,.mps,.jpeg,.jbig2,.jb2,.PDF,.PNG,.JPG,.JPEG,.JBIG2,.JB2,.eps]
(grfext)             \AppendGraphicsExtensions on input line 504.
 (C:\Users\lukin\AppData\Local\Programs\MiKTeX 2.9\tex/latex/00miktex\epstopdf-sys.cfg
File: epstopdf-sys.cfg 2021/03/18 v2.0 Configuration of epstopdf for MiKTeX
))
Package hyperref Info: Link coloring OFF on input line 7.
 (C:\Users\lukin\AppData\Local\Programs\MiKTeX 2.9\tex/latex/hyperref\nameref.sty
Package: nameref 2021-04-02 v2.47 Cross-referencing by name of section
 (C:\Users\lukin\AppData\Local\Programs\MiKTeX 2.9\tex/latex/refcount\refcount.sty
Package: refcount 2019/12/15 v3.6 Data extraction from label references (HO)
) (C:\Users\lukin\AppData\Local\Programs\MiKTeX 2.9\tex/generic/gettitlestring\gettitlestring.sty
Package: gettitlestring 2019/12/15 v1.6 Cleanup title references (HO)
)
\c@section@level=\count422
)
LaTeX Info: Redefining \ref on input line 7.
LaTeX Info: Redefining \pageref on input line 7.
LaTeX Info: Redefining \nameref on input line 7.
 (c:/Users\lukin\Documents\GitHub\Courses-HWs\Sistemas de Comunicacoes Digitais\relatorio\main.out) (c:/Users\lukin\Documents\GitHub\Courses-HWs\Sistemas de Comunicacoes Digitais\relatorio\main.out)
\@outlinefile=\write4
\openout4 = `main.out'.

Package caption Info: Begin \AtBeginDocument code.
Package caption Info: End \AtBeginDocument code.
Package biblatex Info: Trying to load language 'brazilian'...
Package biblatex Info: ... file 'brazilian.lbx' found.
 (C:\Users\lukin\AppData\Local\Programs\MiKTeX 2.9\tex/latex/biblatex/lbx\brazilian.lbx
File: brazilian.lbx 2020/12/31 v3.16 biblatex localization (PK/MW)
)
Package biblatex Info: Input encoding 'utf8' detected.
Package biblatex Info: Automatic encoding selection.
(biblatex)             Assuming data encoding 'utf8'.
Package biblatex Info: Document encoding is UTF8 ....
 (C:\Users\lukin\AppData\Local\Programs\MiKTeX 2.9\tex/latex/l3kernel\expl3.sty
Package: expl3 2021-02-18 L3 programming layer (loader) 
)
Package biblatex Info: ... and expl3
(biblatex)             2021-02-18 L3 programming layer (loader) 
(biblatex)             is new enough (at least 2020/04/06),
(biblatex)             setting 'casechanger=expl3'.
 (C:\Users\lukin\AppData\Local\Programs\MiKTeX 2.9\tex/latex/biblatex\blx-case-expl3.sty (C:\Users\lukin\AppData\Local\Programs\MiKTeX 2.9\tex/latex/l3packages/xparse\xparse.sty (C:\Users\lukin\AppData\Local\Programs\MiKTeX 2.9\tex/latex/l3packages/xparse\xparse-2020-10-01.sty (C:\Users\lukin\AppData\Local\Programs\MiKTeX 2.9\tex/latex/l3packages/xparse\xparse-generic.tex)))
Package: blx-case-expl3 2020/12/31 v3.16 expl3 case changing code for biblatex
)
\openout3 = `main.bcf'.

Package biblatex Info: Trying to load bibliographic data...
Package biblatex Info: ... file 'main.bbl' found.
 (c:/Users\lukin\Documents\GitHub\Courses-HWs\Sistemas de Comunicacoes Digitais\relatorio\main.bbl)
Package biblatex Info: Reference section=0 on input line 7.
Package biblatex Info: Reference segment=0 on input line 7.
 (c:/Users\lukin\Documents\GitHub\Courses-HWs\Sistemas de Comunicacoes Digitais\relatorio\adj/default.tex
<adj/brasao.png, id=51, 309.5565pt x 411.6981pt>
File: adj/brasao.png Graphic file (type png)
<use adj/brasao.png>
Package pdftex.def Info: adj/brasao.png  used on input line 5.
(pdftex.def)             Requested size: 56.9055pt x 75.67923pt.
LaTeX Font Info:    Trying to load font information for U+msa on input line 21.
 (C:\Users\lukin\AppData\Local\Programs\MiKTeX 2.9\tex/latex/amsfonts\umsa.fd
File: umsa.fd 2013/01/14 v3.01 AMS symbols A
)
LaTeX Font Info:    Trying to load font information for U+msb on input line 21.
 (C:\Users\lukin\AppData\Local\Programs\MiKTeX 2.9\tex/latex/amsfonts\umsb.fd
File: umsb.fd 2013/01/14 v3.01 AMS symbols B
)
LaTeX Font Info:    Trying to load font information for U+rsfs on input line 21.
 (C:\Users\lukin\AppData\Local\Programs\MiKTeX 2.9\tex/latex/jknappen\ursfs.fd
File: ursfs.fd 1998/03/24 rsfs font definition file (jk)
)
LaTeX Font Info:    Trying to load font information for U+esint on input line 21.
 (C:\Users\lukin\AppData\Local\Programs\MiKTeX 2.9\tex/latex/esint\uesint.fd
File: uesint.fd 
) [1

{C:/Users/lukin/AppData/Local/MiKTeX/2.9/pdftex/config/pdftex.map} <c:/Users/lukin/Documents/GitHub/Courses-HWs/Sistemas de Comunicacoes Digitais/relatorio/adj/brasao.png>] (c:/Users\lukin\Documents\GitHub\Courses-HWs\Sistemas de Comunicacoes Digitais\relatorio\main.toc)
\tf@toc=\write5
\openout5 = `main.toc'.

pdfTeX warning (ext4): destination with the same identifier (name{page.1}) has been already used, duplicate ignored
<to be read again> 
                   \relax 
l.48     \clearpage
                    [1]) (c:/Users\lukin\Documents\GitHub\Courses-HWs\Sistemas de Comunicacoes Digitais\relatorio\text/problema1.tex [2

]
<C:/Users/lukin/Documents/GitHub/Courses-HWs/Sistemas de Comunicacoes Digitais/matlab/problema1/fig/4_QAM_plot.pdf, id=98, 614.295pt x 794.97pt>
File: C:/Users/lukin/Documents/GitHub/Courses-HWs/Sistemas de Comunicacoes Digitais/matlab/problema1/fig/4_QAM_plot.pdf Graphic file (type pdf)
<use C:/Users/lukin/Documents/GitHub/Courses-HWs/Sistemas de Comunicacoes Digitais/matlab/problema1/fig/4_QAM_plot.pdf>
Package pdftex.def Info: C:/Users/lukin/Documents/GitHub/Courses-HWs/Sistemas de Comunicacoes Digitais/matlab/problema1/fig/4_QAM_plot.pdf  used on input line 61.
(pdftex.def)             Requested size: 390.0pt x 237.54802pt.
<C:/Users/lukin/Documents/GitHub/Courses-HWs/Sistemas de Comunicacoes Digitais/matlab/problema1/fig/16_QAM_plot.pdf, id=100, 614.295pt x 794.97pt>
File: C:/Users/lukin/Documents/GitHub/Courses-HWs/Sistemas de Comunicacoes Digitais/matlab/problema1/fig/16_QAM_plot.pdf Graphic file (type pdf)
<use C:/Users/lukin/Documents/GitHub/Courses-HWs/Sistemas de Comunicacoes Digitais/matlab/problema1/fig/16_QAM_plot.pdf>
Package pdftex.def Info: C:/Users/lukin/Documents/GitHub/Courses-HWs/Sistemas de Comunicacoes Digitais/matlab/problema1/fig/16_QAM_plot.pdf  used on input line 68.
(pdftex.def)             Requested size: 390.0pt x 237.54802pt.
<C:/Users/lukin/Documents/GitHub/Courses-HWs/Sistemas de Comunicacoes Digitais/matlab/problema1/fig/64_QAM_plot.pdf, id=102, 614.295pt x 794.97pt>
File: C:/Users/lukin/Documents/GitHub/Courses-HWs/Sistemas de Comunicacoes Digitais/matlab/problema1/fig/64_QAM_plot.pdf Graphic file (type pdf)
<use C:/Users/lukin/Documents/GitHub/Courses-HWs/Sistemas de Comunicacoes Digitais/matlab/problema1/fig/64_QAM_plot.pdf>
Package pdftex.def Info: C:/Users/lukin/Documents/GitHub/Courses-HWs/Sistemas de Comunicacoes Digitais/matlab/problema1/fig/64_QAM_plot.pdf  used on input line 75.
(pdftex.def)             Requested size: 390.0pt x 237.54802pt.
 [3] [4 <C:/Users/lukin/Documents/GitHub/Courses-HWs/Sistemas de Comunicacoes Digitais/matlab/problema1/fig/4_QAM_plot.pdf> <C:/Users/lukin/Documents/GitHub/Courses-HWs/Sistemas de Comunicacoes Digitais/matlab/problema1/fig/16_QAM_plot.pdf>] [5 <C:/Users/lukin/Documents/GitHub/Courses-HWs/Sistemas de Comunicacoes Digitais/matlab/problema1/fig/64_QAM_plot.pdf>]) [6

] (c:/Users\lukin\Documents\GitHub\Courses-HWs\Sistemas de Comunicacoes Digitais\relatorio\text/problema2.tex
Overfull \hbox (3.49162pt too wide) detected at line 6
[]\OML/cmm/m/it/12 P\OT1/cmr/m/n/12 (\OML/cmm/m/it/12 e\OT1/cmr/m/n/12 ) = 4 [] \OML/cmm/m/it/12 Q [] \OMS/cmsy/m/n/12   \OT1/cmr/m/n/12 4 [][] \OML/cmm/m/it/12 Q[] []
 []

<C:/Users/lukin/Documents/GitHub/Courses-HWs/Sistemas de Comunicacoes Digitais/matlab/problema2/fig/Erro_Teorico_MQAM.pdf, id=144, 614.295pt x 794.97pt>
File: C:/Users/lukin/Documents/GitHub/Courses-HWs/Sistemas de Comunicacoes Digitais/matlab/problema2/fig/Erro_Teorico_MQAM.pdf Graphic file (type pdf)
<use C:/Users/lukin/Documents/GitHub/Courses-HWs/Sistemas de Comunicacoes Digitais/matlab/problema2/fig/Erro_Teorico_MQAM.pdf>
Package pdftex.def Info: C:/Users/lukin/Documents/GitHub/Courses-HWs/Sistemas de Comunicacoes Digitais/matlab/problema2/fig/Erro_Teorico_MQAM.pdf  used on input line 18.
(pdftex.def)             Requested size: 390.0pt x 237.54802pt.
) [7

 <C:/Users/lukin/Documents/GitHub/Courses-HWs/Sistemas de Comunicacoes Digitais/matlab/problema2/fig/Erro_Teorico_MQAM.pdf>] (c:/Users\lukin\Documents\GitHub\Courses-HWs\Sistemas de Comunicacoes Digitais\relatorio\text/problema3.tex
<C:/Users/lukin/Documents/GitHub/Courses-HWs/Sistemas de Comunicacoes Digitais/matlab/problema3/fig/4QAM_25dB.pdf, id=224, 614.295pt x 794.97pt>
File: C:/Users/lukin/Documents/GitHub/Courses-HWs/Sistemas de Comunicacoes Digitais/matlab/problema3/fig/4QAM_25dB.pdf Graphic file (type pdf)
<use C:/Users/lukin/Documents/GitHub/Courses-HWs/Sistemas de Comunicacoes Digitais/matlab/problema3/fig/4QAM_25dB.pdf>
Package pdftex.def Info: C:/Users/lukin/Documents/GitHub/Courses-HWs/Sistemas de Comunicacoes Digitais/matlab/problema3/fig/4QAM_25dB.pdf  used on input line 5.
(pdftex.def)             Requested size: 390.0pt x 237.54802pt.
<C:/Users/lukin/Documents/GitHub/Courses-HWs/Sistemas de Comunicacoes Digitais/matlab/problema3/fig/16QAM_25dB.pdf, id=226, 614.295pt x 794.97pt>
File: C:/Users/lukin/Documents/GitHub/Courses-HWs/Sistemas de Comunicacoes Digitais/matlab/problema3/fig/16QAM_25dB.pdf Graphic file (type pdf)
<use C:/Users/lukin/Documents/GitHub/Courses-HWs/Sistemas de Comunicacoes Digitais/matlab/problema3/fig/16QAM_25dB.pdf>
Package pdftex.def Info: C:/Users/lukin/Documents/GitHub/Courses-HWs/Sistemas de Comunicacoes Digitais/matlab/problema3/fig/16QAM_25dB.pdf  used on input line 13.
(pdftex.def)             Requested size: 390.0pt x 237.54802pt.
<C:/Users/lukin/Documents/GitHub/Courses-HWs/Sistemas de Comunicacoes Digitais/matlab/problema3/fig/64QAM_25dB.pdf, id=228, 614.295pt x 794.97pt>
File: C:/Users/lukin/Documents/GitHub/Courses-HWs/Sistemas de Comunicacoes Digitais/matlab/problema3/fig/64QAM_25dB.pdf Graphic file (type pdf)
<use C:/Users/lukin/Documents/GitHub/Courses-HWs/Sistemas de Comunicacoes Digitais/matlab/problema3/fig/64QAM_25dB.pdf>
Package pdftex.def Info: C:/Users/lukin/Documents/GitHub/Courses-HWs/Sistemas de Comunicacoes Digitais/matlab/problema3/fig/64QAM_25dB.pdf  used on input line 20.
(pdftex.def)             Requested size: 390.0pt x 237.54802pt.
<C:/Users/lukin/Documents/GitHub/Courses-HWs/Sistemas de Comunicacoes Digitais/matlab/problema3/fig/Erro_teoricaxAWGN_MQAM.pdf, id=230, 614.295pt x 794.97pt>
File: C:/Users/lukin/Documents/GitHub/Courses-HWs/Sistemas de Comunicacoes Digitais/matlab/problema3/fig/Erro_teoricaxAWGN_MQAM.pdf Graphic file (type pdf)
<use C:/Users/lukin/Documents/GitHub/Courses-HWs/Sistemas de Comunicacoes Digitais/matlab/problema3/fig/Erro_teoricaxAWGN_MQAM.pdf>
Package pdftex.def Info: C:/Users/lukin/Documents/GitHub/Courses-HWs/Sistemas de Comunicacoes Digitais/matlab/problema3/fig/Erro_teoricaxAWGN_MQAM.pdf  used on input line 28.
(pdftex.def)             Requested size: 390.0pt x 237.54802pt.
) [8

 <C:/Users/lukin/Documents/GitHub/Courses-HWs/Sistemas de Comunicacoes Digitais/matlab/problema3/fig/4QAM_25dB.pdf> <C:/Users/lukin/Documents/GitHub/Courses-HWs/Sistemas de Comunicacoes Digitais/matlab/problema3/fig/16QAM_25dB.pdf>]

LaTeX Warning: Text page 9 contains only floats.

[9 <C:/Users/lukin/Documents/GitHub/Courses-HWs/Sistemas de Comunicacoes Digitais/matlab/problema3/fig/64QAM_25dB.pdf> <C:/Users/lukin/Documents/GitHub/Courses-HWs/Sistemas de Comunicacoes Digitais/matlab/problema3/fig/Erro_teoricaxAWGN_MQAM.pdf>] (c:/Users\lukin\Documents\GitHub\Courses-HWs\Sistemas de Comunicacoes Digitais\relatorio\text/problema4.tex) [10

] [11

] [12

] (c:/Users\lukin\Documents\GitHub\Courses-HWs\Sistemas de Comunicacoes Digitais\relatorio\main.aux)
Package rerunfilecheck Info: File `main.out' has not changed.
(rerunfilecheck)             Checksum: 896E02AF52BF6B8EF9D942B1E93BF0FA;2057.
Package logreq Info: Writing requests to 'main.run.xml'.
\openout1 = `main.run.xml'.

 ) 
Here is how much of TeX's memory you used:
 19681 strings out of 481025
 340374 string characters out of 2899974
 1065031 words of memory out of 3000000
 36584 multiletter control sequences out of 15000+600000
 418886 words of font info for 90 fonts, out of 8000000 for 9000
 117 hyphenation exceptions out of 8191
 76i,12n,77p,1161b,1695s stack positions out of 5000i,500n,10000p,200000b,80000s
 <C:\Users\lukin\AppData\Local\MiKTeX\2.9\fonts/pk/ljfour/jknappen/ec/dpi600\tcrm1200.pk> <C:\Users\lukin\AppData\Local\MiKTeX\2.9\fonts/pk/ljfour/public/esint/dpi720\esint10.pk><C:/Users/lukin/AppData/Local/Programs/MiKTeX 2.9/fonts/type1/public/amsfonts/cm/cmbx12.pfb><C:/Users/lukin/AppData/Local/Programs/MiKTeX 2.9/fonts/type1/public/amsfonts/cm/cmex10.pfb><C:/Users/lukin/AppData/Local/Programs/MiKTeX 2.9/fonts/type1/public/amsfonts/cm/cmmi12.pfb><C:/Users/lukin/AppData/Local/Programs/MiKTeX 2.9/fonts/type1/public/amsfonts/cm/cmmi6.pfb><C:/Users/lukin/AppData/Local/Programs/MiKTeX 2.9/fonts/type1/public/amsfonts/cm/cmmi8.pfb><C:/Users/lukin/AppData/Local/Programs/MiKTeX 2.9/fonts/type1/public/amsfonts/cm/cmr12.pfb><C:/Users/lukin/AppData/Local/Programs/MiKTeX 2.9/fonts/type1/public/amsfonts/cm/cmr6.pfb><C:/Users/lukin/AppData/Local/Programs/MiKTeX 2.9/fonts/type1/public/amsfonts/cm/cmr8.pfb><C:/Users/lukin/AppData/Local/Programs/MiKTeX 2.9/fonts/type1/public/amsfonts/cm/cmsy10.pfb><C:/Users/lukin/AppData/Local/Programs/MiKTeX 2.9/fonts/type1/public/amsfonts/cm/cmsy8.pfb><C:/Users/lukin/AppData/Local/Programs/MiKTeX 2.9/fonts/type1/public/amsfonts/cm/cmti12.pfb>
Output written on "c:/Users\lukin\Documents\GitHub\Courses-HWs\Sistemas de Comunicacoes Digitais\relatorio\main.pdf" (13 pages, 714110 bytes).
PDF statistics:
 396 PDF objects out of 1000 (max. 8388607)
 45 named destinations out of 1000 (max. 500000)
 190 words of extra memory for PDF output out of 10000 (max. 10000000)

